<?xml version="1.0" encoding="UTF-8"?>
<!-- Generated by org.testng.reporters.JUnitReportReporter -->
<testsuite skipped="0" hostname="NihkilDon-PC" name="testCases.Test_Class" tests="2" failures="0" timestamp="2019-09-11T22:14:36 IST" time="78.387" errors="0">
  <testcase name="launchingFlipkart" time="18.603" classname="testCases.Test_Class"/>
  <testcase name="launchingFlipkart" time="59.784" classname="testCases.Test_Class"/>
</testsuite> <!-- testCases.Test_Class -->
