<?xml version="1.0" encoding="UTF-8"?>
<!-- Generated by org.testng.reporters.JUnitReportReporter -->
<testsuite skipped="0" hostname="NihkilDon-PC" name="testCases.Test_Class" tests="2" failures="0" timestamp="2019-09-05T00:32:18 IST" time="88.394" errors="0">
  <testcase name="launchingFlipkart" time="42.076" classname="testCases.Test_Class"/>
  <testcase name="launchingFlipkart" time="46.318" classname="testCases.Test_Class"/>
</testsuite> <!-- testCases.Test_Class -->
